<?xml version="1.0" encoding="UTF-8"?>
<!-- Generated by org.testng.reporters.JUnitReportReporter -->
<testsuite skipped="0" hostname="hp-PC" name="firstTestNGPackage.FirstTestNGfile" tests="1" failures="0" timestamp="21 Jul 2019 15:54:16 GMT" time="30.400" errors="0">
  <testcase name="passTC" time="30.400" classname="firstTestNGPackage.FirstTestNGfile"/>
</testsuite> <!-- firstTestNGPackage.FirstTestNGfile -->
